#
# There is insufficient memory for the Java Runtime Environment to continue.
# Native memory allocation (malloc) failed to allocate 588032 bytes for Chunk::new
# Possible reasons:
#   The system is out of physical RAM or swap space
#   The process is running with CompressedOops enabled, and the Java Heap may be blocking the growth of the native heap
# Possible solutions:
#   Reduce memory load on the system
#   Increase physical memory or swap space
#   Check if swap backing store is full
#   Decrease Java heap size (-Xmx/-Xms)
#   Decrease number of Java threads
#   Decrease Java thread stack sizes (-Xss)
#   Set larger code cache with -XX:ReservedCodeCacheSize=
#   JVM is running with Unscaled Compressed Oops mode in which the Java heap is
#     placed in the first 4GB address space. The Java Heap base address is the
#     maximum limit for the native heap growth. Please use -XX:HeapBaseMinAddress
#     to set the Java Heap base and to place the Java Heap above 4GB virtual address.
# This output file may be truncated or incomplete.
#
#  Out of Memory Error (arena.cpp:191), pid=7068, tid=7472
#
# JRE version: OpenJDK Runtime Environment Temurin-17.0.10+7 (17.0.10+7) (build 17.0.10+7)
# Java VM: OpenJDK 64-Bit Server VM Temurin-17.0.10+7 (17.0.10+7, mixed mode, tiered, compressed oops, compressed class ptrs, parallel gc, windows-amd64)
# No core dump will be written. Minidumps are not enabled by default on client versions of Windows
#

---------------  S U M M A R Y ------------

Command Line: --add-modules=ALL-SYSTEM --add-opens=java.base/java.util=ALL-UNNAMED --add-opens=java.base/java.lang=ALL-UNNAMED --add-opens=java.base/sun.nio.fs=ALL-UNNAMED -Declipse.application=org.eclipse.jdt.ls.core.id1 -Dosgi.bundles.defaultStartLevel=4 -Declipse.product=org.eclipse.jdt.ls.core.product -Djava.import.generatesMetadataFilesAtProjectRoot=false -DDetectVMInstallationsJob.disabled=true -Dfile.encoding=utf8 -XX:+UseParallelGC -XX:GCTimeRatio=4 -XX:AdaptiveSizePolicyWeight=90 -Dsun.zip.disableMemoryMapping=true -Xmx1G -Xms100m -Xlog:disable -javaagent:c:\Users\nguye\.vscode\extensions\redhat.java-1.27.0-win32-x64\lombok\lombok-1.18.31.jar c:\Users\nguye\.vscode\extensions\redhat.java-1.27.0-win32-x64\server\plugins\org.eclipse.equinox.launcher_1.6.700.v20231214-2017.jar -configuration c:\Users\nguye\AppData\Roaming\Code\User\globalStorage\redhat.java\1.27.0\config_ss_win -data c:\Users\nguye\AppData\Roaming\Code\User\workspaceStorage\2ff05997b9d03b89e185b8a9989087c2\redhat.java\ss_ws --stdio

Host: Intel(R) Core(TM) i7-10750H CPU @ 2.60GHz, 12 cores, 15G,  Windows 11 , 64 bit Build 22621 (10.0.22621.2506)
Time: Mon Feb 19 10:31:03 2024 SE Asia Standard Time elapsed time: 2.899668 seconds (0d 0h 0m 2s)

---------------  T H R E A D  ---------------

Current thread (0x0000027749bce310):  JavaThread "C2 CompilerThread2" daemon [_thread_in_native, id=7472, stack(0x000000cffbe00000,0x000000cffbf00000)]


Current CompileTask:
C2:   2899  783   !   4       java.util.jar.Attributes::read (498 bytes)

Stack: [0x000000cffbe00000,0x000000cffbf00000]
Native frames: (J=compiled Java code, j=interpreted, Vv=VM code, C=native code)
V  [jvm.dll+0x67d2c9]
V  [jvm.dll+0x834afa]
V  [jvm.dll+0x8365be]
V  [jvm.dll+0x836c23]
V  [jvm.dll+0x2477ff]
V  [jvm.dll+0xac514]
V  [jvm.dll+0xacb5c]
V  [jvm.dll+0x3667d7]
V  [jvm.dll+0x1bcf72]
V  [jvm.dll+0x21a049]
V  [jvm.dll+0x219311]
V  [jvm.dll+0x1a502d]
V  [jvm.dll+0x2290de]
V  [jvm.dll+0x2272ac]
V  [jvm.dll+0x7e9bb7]
V  [jvm.dll+0x7e3fba]
V  [jvm.dll+0x67c1b5]
C  [ucrtbase.dll+0x29363]
C  [KERNEL32.DLL+0x1257d]
C  [ntdll.dll+0x5aa58]


---------------  P R O C E S S  ---------------

Threads class SMR info:
_java_thread_list=0x0000027749d58220, length=14, elements={
0x000002772f252a00, 0x00000277481a9040, 0x00000277481aa310, 0x00000277430c7250,
0x00000277430c9df0, 0x00000277430cb120, 0x00000277481cac70, 0x00000277481cc3c0,
0x00000277481f81c0, 0x00000277481f86e0, 0x00000277482bc390, 0x00000277484f4330,
0x000002774850e9c0, 0x0000027749bce310
}

Java Threads: ( => current thread )
  0x000002772f252a00 JavaThread "main" [_thread_in_vm, id=23200, stack(0x000000cffae00000,0x000000cffaf00000)]
  0x00000277481a9040 JavaThread "Reference Handler" daemon [_thread_blocked, id=16296, stack(0x000000cffb100000,0x000000cffb200000)]
  0x00000277481aa310 JavaThread "Finalizer" daemon [_thread_blocked, id=9284, stack(0x000000cffb200000,0x000000cffb300000)]
  0x00000277430c7250 JavaThread "Signal Dispatcher" daemon [_thread_blocked, id=22752, stack(0x000000cffb300000,0x000000cffb400000)]
  0x00000277430c9df0 JavaThread "Attach Listener" daemon [_thread_blocked, id=15304, stack(0x000000cffb400000,0x000000cffb500000)]
  0x00000277430cb120 JavaThread "Service Thread" daemon [_thread_blocked, id=21124, stack(0x000000cffb500000,0x000000cffb600000)]
  0x00000277481cac70 JavaThread "Monitor Deflation Thread" daemon [_thread_blocked, id=688, stack(0x000000cffb600000,0x000000cffb700000)]
  0x00000277481cc3c0 JavaThread "C2 CompilerThread0" daemon [_thread_blocked, id=21444, stack(0x000000cffb700000,0x000000cffb800000)]
  0x00000277481f81c0 JavaThread "C1 CompilerThread0" daemon [_thread_in_native, id=22540, stack(0x000000cffb800000,0x000000cffb900000)]
  0x00000277481f86e0 JavaThread "Sweeper thread" daemon [_thread_blocked, id=20268, stack(0x000000cffb900000,0x000000cffba00000)]
  0x00000277482bc390 JavaThread "Common-Cleaner" daemon [_thread_blocked, id=2056, stack(0x000000cffba00000,0x000000cffbb00000)]
  0x00000277484f4330 JavaThread "Notification Thread" daemon [_thread_blocked, id=16676, stack(0x000000cffbb00000,0x000000cffbc00000)]
  0x000002774850e9c0 JavaThread "C2 CompilerThread1" daemon [_thread_blocked, id=21616, stack(0x000000cffbd00000,0x000000cffbe00000)]
=>0x0000027749bce310 JavaThread "C2 CompilerThread2" daemon [_thread_in_native, id=7472, stack(0x000000cffbe00000,0x000000cffbf00000)]

Other Threads:
  0x000002772f2ee980 VMThread "VM Thread" [stack: 0x000000cffb000000,0x000000cffb100000] [id=15380]
  0x0000027749a39d80 WatcherThread [stack: 0x000000cffbc00000,0x000000cffbd00000] [id=22472]
  0x000002772f2663a0 GCTaskThread "GC Thread#0" [stack: 0x000000cffaf00000,0x000000cffb000000] [id=2228]

Threads with active compile tasks:
C1 CompilerThread0     2916  888   !   3       java.nio.DirectLongBufferU::put (39 bytes)
C2 CompilerThread2     2916  783   !   4       java.util.jar.Attributes::read (498 bytes)

VM state: not at safepoint (normal execution)

VM Mutex/Monitor currently owned by a thread: None

Heap address: 0x00000000c0000000, size: 1024 MB, Compressed Oops mode: 32-bit

CDS archive(s) not mapped
Compressed class space mapped at: 0x0000000100000000-0x0000000140000000, reserved size: 1073741824
Narrow klass base: 0x0000000000000000, Narrow klass shift: 3, Narrow klass range: 0x140000000

GC Precious Log:
 CPUs: 12 total, 12 available
 Memory: 16187M
 Large Page Support: Disabled
 NUMA Support: Disabled
 Compressed Oops: Enabled (32-bit)
 Alignments: Space 512K, Generation 512K, Heap 2M
 Heap Min Capacity: 100M
 Heap Initial Capacity: 100M
 Heap Max Capacity: 1G
 Pre-touch: Disabled
 Parallel Workers: 10

Heap:
 PSYoungGen      total 29696K, used 23946K [0x00000000eab00000, 0x00000000ecc00000, 0x0000000100000000)
  eden space 25600K, 93% used [0x00000000eab00000,0x00000000ec262b68,0x00000000ec400000)
  from space 4096K, 0% used [0x00000000ec800000,0x00000000ec800000,0x00000000ecc00000)
  to   space 4096K, 0% used [0x00000000ec400000,0x00000000ec400000,0x00000000ec800000)
 ParOldGen       total 68608K, used 0K [0x00000000c0000000, 0x00000000c4300000, 0x00000000eab00000)
  object space 68608K, 0% used [0x00000000c0000000,0x00000000c0000000,0x00000000c4300000)
 Metaspace       used 10539K, committed 10624K, reserved 1114112K
  class space    used 1047K, committed 1088K, reserved 1048576K

Card table byte_map: [0x000002772ec00000,0x000002772ee10000] _byte_map_base: 0x000002772e600000

Marking Bits: (ParMarkBitMap*) 0x00007ff97aeed7d0
 Begin Bits: [0x0000027740ed0000, 0x0000027741ed0000)
 End Bits:   [0x0000027741ed0000, 0x0000027742ed0000)

Polling page: 0x000002772e9f0000

Metaspace:

Usage:
  Non-class:      9.27 MB used.
      Class:      1.02 MB used.
       Both:     10.29 MB used.

Virtual space:
  Non-class space:       64.00 MB reserved,       9.31 MB ( 15%) committed,  1 nodes.
      Class space:        1.00 GB reserved,       1.06 MB ( <1%) committed,  1 nodes.
             Both:        1.06 GB reserved,      10.38 MB ( <1%) committed. 

Chunk freelists:
   Non-Class:  6.38 MB
       Class:  14.95 MB
        Both:  21.33 MB

MaxMetaspaceSize: unlimited
CompressedClassSpaceSize: 1.00 GB
Initial GC threshold: 21.00 MB
Current GC threshold: 21.00 MB
CDS: off
MetaspaceReclaimPolicy: balanced
 - commit_granule_bytes: 65536.
 - commit_granule_words: 8192.
 - virtual_space_node_default_size: 8388608.
 - enlarge_chunks_in_place: 1.
 - new_chunks_are_fully_committed: 0.
 - uncommit_free_chunks: 1.
 - use_allocation_guard: 0.
 - handle_deallocations: 1.


Internal statistics:

num_allocs_failed_limit: 0.
num_arena_births: 14.
num_arena_deaths: 0.
num_vsnodes_births: 2.
num_vsnodes_deaths: 0.
num_space_committed: 166.
num_space_uncommitted: 0.
num_chunks_returned_to_freelist: 0.
num_chunks_taken_from_freelist: 80.
num_chunk_merges: 0.
num_chunk_splits: 51.
num_chunks_enlarged: 39.
num_inconsistent_stats: 0.

CodeHeap 'non-profiled nmethods': size=120000Kb used=357Kb max_used=357Kb free=119642Kb
 bounds [0x00000277399a0000, 0x0000027739c10000, 0x0000027740ed0000]
CodeHeap 'profiled nmethods': size=120000Kb used=1499Kb max_used=1499Kb free=118500Kb
 bounds [0x0000027731ed0000, 0x0000027732140000, 0x0000027739400000]
CodeHeap 'non-nmethods': size=5760Kb used=1139Kb max_used=1175Kb free=4620Kb
 bounds [0x0000027739400000, 0x0000027739670000, 0x00000277399a0000]
 total_blobs=1320 nmethods=890 adapters=345
 compilation: enabled
              stopped_count=0, restarted_count=0
 full_count=0

Compilation events (20 events):
Event: 2.887 Thread 0x00000277481f81c0  850       3       java.util.LinkedHashMap::get (29 bytes)
Event: 2.887 Thread 0x00000277481f81c0 nmethod 850 0x000002773202d090 code [0x000002773202d240, 0x000002773202d498]
Event: 2.887 Thread 0x00000277481f81c0  851       3       sun.security.provider.DigestBase::engineUpdate (189 bytes)
Event: 2.887 Thread 0x00000277481f81c0 nmethod 851 0x000002773202d590 code [0x000002773202d800, 0x000002773202e4b8]
Event: 2.888 Thread 0x00000277481f81c0  853   !   3       java.util.zip.ZipFile$Source::getEntryPos (195 bytes)
Event: 2.890 Thread 0x00000277481f81c0 nmethod 853 0x000002773202e810 code [0x000002773202eb20, 0x000002773202fc98]
Event: 2.890 Thread 0x00000277481f81c0  854       3       java.util.jar.JarFile::maybeInstantiateVerifier (42 bytes)
Event: 2.890 Thread 0x00000277481f81c0 nmethod 854 0x0000027732030710 code [0x00000277320308e0, 0x0000027732030c78]
Event: 2.891 Thread 0x00000277481f81c0  855       3       java.util.jar.JarVerifier::update (43 bytes)
Event: 2.892 Thread 0x00000277481f81c0 nmethod 855 0x0000027732030d90 code [0x0000027732030f60, 0x00000277320312a8]
Event: 2.892 Thread 0x00000277481f81c0  856       3       java.util.zip.ZipCoder::hash (36 bytes)
Event: 2.893 Thread 0x00000277481f81c0 nmethod 856 0x0000027732031410 code [0x0000027732031620, 0x0000027732031d48]
Event: 2.893 Thread 0x00000277481f81c0  857   !   3       java.util.jar.JarFile::isMultiRelease (33 bytes)
Event: 2.893 Thread 0x00000277481f81c0 nmethod 857 0x0000027732032090 code [0x0000027732032240, 0x0000027732032448]
Event: 2.893 Thread 0x00000277481f81c0  858  s    3       jdk.internal.perf.PerfCounter::add (18 bytes)
Event: 2.893 Thread 0x00000277481f81c0 nmethod 858 0x0000027732032510 code [0x00000277320326e0, 0x0000027732032a98]
Event: 2.893 Thread 0x00000277481f81c0  859  s    3       jdk.internal.perf.PerfCounter::get (9 bytes)
Event: 2.894 Thread 0x00000277481f81c0 nmethod 859 0x0000027732032c90 code [0x0000027732032e40, 0x0000027732033048]
Event: 2.894 Thread 0x00000277481f81c0  860   !   3       java.util.zip.ZipFile::getEntry (59 bytes)
Event: 2.895 Thread 0x00000277481f81c0 nmethod 860 0x0000027732033190 code [0x0000027732033380, 0x00000277320337d8]

GC Heap History (0 events):
No events

Dll operation events (8 events):
Event: 0.933 Loaded shared library c:\Users\nguye\.vscode\extensions\redhat.java-1.27.0-win32-x64\jre\17.0.10-win32-x86_64\bin\java.dll
Event: 1.398 Loaded shared library c:\Users\nguye\.vscode\extensions\redhat.java-1.27.0-win32-x64\jre\17.0.10-win32-x86_64\bin\zip.dll
Event: 1.402 Loaded shared library C:\Users\nguye\.vscode\extensions\redhat.java-1.27.0-win32-x64\jre\17.0.10-win32-x86_64\bin\instrument.dll
Event: 1.719 Loaded shared library C:\Users\nguye\.vscode\extensions\redhat.java-1.27.0-win32-x64\jre\17.0.10-win32-x86_64\bin\net.dll
Event: 2.013 Loaded shared library C:\Users\nguye\.vscode\extensions\redhat.java-1.27.0-win32-x64\jre\17.0.10-win32-x86_64\bin\nio.dll
Event: 2.020 Loaded shared library C:\Users\nguye\.vscode\extensions\redhat.java-1.27.0-win32-x64\jre\17.0.10-win32-x86_64\bin\zip.dll
Event: 2.034 Loaded shared library C:\Users\nguye\.vscode\extensions\redhat.java-1.27.0-win32-x64\jre\17.0.10-win32-x86_64\bin\jimage.dll
Event: 2.372 Loaded shared library c:\Users\nguye\.vscode\extensions\redhat.java-1.27.0-win32-x64\jre\17.0.10-win32-x86_64\bin\verify.dll

Deoptimization events (20 events):
Event: 2.853 Thread 0x000002772f252a00 Uncommon trap: trap_request=0xffffffde fr.pc=0x00000277399e55dc relative=0x0000000000000a9c
Event: 2.853 Thread 0x000002772f252a00 Uncommon trap: reason=class_check action=maybe_recompile pc=0x00000277399e55dc method=java.util.HashMap.putVal(ILjava/lang/Object;Ljava/lang/Object;ZZ)Ljava/lang/Object; @ 203 c2
Event: 2.853 Thread 0x000002772f252a00 DEOPT PACKING pc=0x00000277399e55dc sp=0x000000cffaefde10
Event: 2.853 Thread 0x000002772f252a00 DEOPT UNPACKING pc=0x00000277394566a3 sp=0x000000cffaefdd38 mode 2
Event: 2.853 Thread 0x000002772f252a00 Uncommon trap: trap_request=0xffffffde fr.pc=0x00000277399e55dc relative=0x0000000000000a9c
Event: 2.853 Thread 0x000002772f252a00 Uncommon trap: reason=class_check action=maybe_recompile pc=0x00000277399e55dc method=java.util.HashMap.putVal(ILjava/lang/Object;Ljava/lang/Object;ZZ)Ljava/lang/Object; @ 203 c2
Event: 2.853 Thread 0x000002772f252a00 DEOPT PACKING pc=0x00000277399e55dc sp=0x000000cffaefde10
Event: 2.853 Thread 0x000002772f252a00 DEOPT UNPACKING pc=0x00000277394566a3 sp=0x000000cffaefdd38 mode 2
Event: 2.878 Thread 0x000002772f252a00 Uncommon trap: trap_request=0xffffffde fr.pc=0x00000277399d9f4c relative=0x000000000000056c
Event: 2.878 Thread 0x000002772f252a00 Uncommon trap: reason=class_check action=maybe_recompile pc=0x00000277399d9f4c method=java.util.Collections$UnmodifiableCollection$1.<init>(Ljava/util/Collections$UnmodifiableCollection;)V @ 17 c2
Event: 2.878 Thread 0x000002772f252a00 DEOPT PACKING pc=0x00000277399d9f4c sp=0x000000cffaefe680
Event: 2.878 Thread 0x000002772f252a00 DEOPT UNPACKING pc=0x00000277394566a3 sp=0x000000cffaefe5c8 mode 2
Event: 2.878 Thread 0x000002772f252a00 Uncommon trap: trap_request=0xffffffde fr.pc=0x00000277399caa2c relative=0x000000000000020c
Event: 2.878 Thread 0x000002772f252a00 Uncommon trap: reason=class_check action=maybe_recompile pc=0x00000277399caa2c method=java.util.Collections$UnmodifiableCollection$1.next()Ljava/lang/Object; @ 4 c2
Event: 2.878 Thread 0x000002772f252a00 DEOPT PACKING pc=0x00000277399caa2c sp=0x000000cffaefe690
Event: 2.878 Thread 0x000002772f252a00 DEOPT UNPACKING pc=0x00000277394566a3 sp=0x000000cffaefe640 mode 2
Event: 2.878 Thread 0x000002772f252a00 Uncommon trap: trap_request=0xffffffde fr.pc=0x00000277399caa2c relative=0x000000000000020c
Event: 2.878 Thread 0x000002772f252a00 Uncommon trap: reason=class_check action=maybe_recompile pc=0x00000277399caa2c method=java.util.Collections$UnmodifiableCollection$1.next()Ljava/lang/Object; @ 4 c2
Event: 2.878 Thread 0x000002772f252a00 DEOPT PACKING pc=0x00000277399caa2c sp=0x000000cffaefe690
Event: 2.878 Thread 0x000002772f252a00 DEOPT UNPACKING pc=0x00000277394566a3 sp=0x000000cffaefe640 mode 2

Classes unloaded (0 events):
No events

Classes redefined (0 events):
No events

Internal exceptions (13 events):
Event: 1.375 Thread 0x000002772f252a00 Exception <a 'java/lang/NoSuchMethodError'{0x00000000eacb5528}: 'void java.lang.invoke.DirectMethodHandle$Holder.invokeStatic(java.lang.Object, java.lang.Object, java.lang.Object)'> (0x00000000eacb5528) 
thrown [s\src\hotspot\share\interpreter\linkResolver.cpp, line 759]
Event: 2.395 Thread 0x000002772f252a00 Exception <a 'java/lang/reflect/InvocationTargetException'{0x00000000eafe71a8}> (0x00000000eafe71a8) 
thrown [s\src\hotspot\share\runtime\reflection.cpp, line 1121]
Event: 2.586 Thread 0x000002772f252a00 Exception <a 'java/lang/ClassNotFoundException'{0x00000000eb8536b0}: sun/net/www/protocol/c/Handler> (0x00000000eb8536b0) 
thrown [s\src\hotspot\share\classfile\systemDictionary.cpp, line 256]
Event: 2.598 Thread 0x000002772f252a00 Exception <a 'java/io/FileNotFoundException'{0x00000000eb86b8a8}> (0x00000000eb86b8a8) 
thrown [s\src\hotspot\share\prims\jni.cpp, line 516]
Event: 2.599 Thread 0x000002772f252a00 Exception <a 'java/io/FileNotFoundException'{0x00000000eb86c5b8}> (0x00000000eb86c5b8) 
thrown [s\src\hotspot\share\prims\jni.cpp, line 516]
Event: 2.599 Thread 0x000002772f252a00 Exception <a 'java/io/FileNotFoundException'{0x00000000eb86d2a8}> (0x00000000eb86d2a8) 
thrown [s\src\hotspot\share\prims\jni.cpp, line 516]
Event: 2.599 Thread 0x000002772f252a00 Exception <a 'java/io/FileNotFoundException'{0x00000000eb86df68}> (0x00000000eb86df68) 
thrown [s\src\hotspot\share\prims\jni.cpp, line 516]
Event: 2.603 Thread 0x000002772f252a00 Implicit null exception at 0x00000277399c4972 to 0x00000277399c4ec0
Event: 2.606 Thread 0x000002772f252a00 Exception <a 'java/io/FileNotFoundException'{0x00000000eb8a8848}> (0x00000000eb8a8848) 
thrown [s\src\hotspot\share\prims\jni.cpp, line 516]
Event: 2.869 Thread 0x000002772f252a00 Exception <a 'java/lang/ClassNotFoundException'{0x00000000ec0b3b58}: sun/net/www/protocol/c/Handler> (0x00000000ec0b3b58) 
thrown [s\src\hotspot\share\classfile\systemDictionary.cpp, line 256]
Event: 2.869 Thread 0x000002772f252a00 Exception <a 'java/lang/ClassNotFoundException'{0x00000000ec0b4e98}: sun/net/www/protocol/d/Handler> (0x00000000ec0b4e98) 
thrown [s\src\hotspot\share\classfile\systemDictionary.cpp, line 256]
Event: 2.870 Thread 0x000002772f252a00 Exception <a 'java/lang/ClassNotFoundException'{0x00000000ec0b6010}: sun/net/www/protocol/c/Handler> (0x00000000ec0b6010) 
thrown [s\src\hotspot\share\classfile\systemDictionary.cpp, line 256]
Event: 2.878 Thread 0x000002772f252a00 Exception <a 'java/io/FileNotFoundException'{0x00000000ec0d9368}> (0x00000000ec0d9368) 
thrown [s\src\hotspot\share\prims\jni.cpp, line 516]

VM Operations (10 events):
Event: 1.380 Executing VM operation: HandshakeAllThreads
Event: 1.380 Executing VM operation: HandshakeAllThreads done
Event: 2.047 Executing VM operation: HandshakeAllThreads
Event: 2.047 Executing VM operation: HandshakeAllThreads done
Event: 2.563 Executing VM operation: HandshakeAllThreads
Event: 2.563 Executing VM operation: HandshakeAllThreads done
Event: 2.563 Executing VM operation: Cleanup
Event: 2.563 Executing VM operation: Cleanup done
Event: 2.581 Executing VM operation: HandshakeAllThreads
Event: 2.581 Executing VM operation: HandshakeAllThreads done

Events (20 events):
Event: 2.851 loading class java/nio/charset/CharsetDecoder done
Event: 2.851 loading class sun/nio/cs/UTF_8$Decoder done
Event: 2.851 loading class java/nio/charset/CoderResult
Event: 2.851 loading class java/nio/charset/CoderResult done
Event: 2.863 loading class java/util/Random
Event: 2.863 loading class java/util/random/RandomGenerator
Event: 2.864 loading class java/util/random/RandomGenerator done
Event: 2.864 loading class java/util/Random done
Event: 2.864 loading class java/util/UUID
Event: 2.864 loading class java/util/UUID done
Event: 2.864 loading class java/util/concurrent/atomic/AtomicBoolean
Event: 2.865 loading class java/util/concurrent/atomic/AtomicBoolean done
Event: 2.865 loading class java/lang/invoke/VarHandleInts$FieldInstanceReadWrite
Event: 2.865 loading class java/lang/invoke/VarHandleInts$FieldInstanceReadOnly
Event: 2.865 loading class java/lang/invoke/VarHandleInts$FieldInstanceReadOnly done
Event: 2.865 loading class java/lang/invoke/VarHandleInts$FieldInstanceReadWrite done
Event: 2.873 loading class java/nio/file/FileVisitor
Event: 2.873 loading class java/nio/file/FileVisitor done
Event: 2.888 loading class java/io/StringWriter
Event: 2.888 loading class java/io/StringWriter done


Dynamic libraries:
0x00007ff66f7a0000 - 0x00007ff66f7ae000 	c:\Users\nguye\.vscode\extensions\redhat.java-1.27.0-win32-x64\jre\17.0.10-win32-x86_64\bin\java.exe
0x00007ffa15990000 - 0x00007ffa15ba7000 	C:\WINDOWS\SYSTEM32\ntdll.dll
0x00007ffa13a10000 - 0x00007ffa13ad4000 	C:\WINDOWS\System32\KERNEL32.DLL
0x00007ffa12eb0000 - 0x00007ffa13256000 	C:\WINDOWS\System32\KERNELBASE.dll
0x00007ffa0fc50000 - 0x00007ffa0fce7000 	C:\WINDOWS\SYSTEM32\apphelp.dll
0x00007ffa12ca0000 - 0x00007ffa12db1000 	C:\WINDOWS\System32\ucrtbase.dll
0x00007ffa072b0000 - 0x00007ffa072c7000 	c:\Users\nguye\.vscode\extensions\redhat.java-1.27.0-win32-x64\jre\17.0.10-win32-x86_64\bin\jli.dll
0x00007ffa13860000 - 0x00007ffa13a0e000 	C:\WINDOWS\System32\USER32.dll
0x00007ffa13680000 - 0x00007ffa136a6000 	C:\WINDOWS\System32\win32u.dll
0x00007ffa01180000 - 0x00007ffa01413000 	C:\WINDOWS\WinSxS\amd64_microsoft.windows.common-controls_6595b64144ccf1df_6.0.22621.2506_none_270c5ae97388e100\COMCTL32.dll
0x00007ffa13730000 - 0x00007ffa137d7000 	C:\WINDOWS\System32\msvcrt.dll
0x00007ffa14580000 - 0x00007ffa145a9000 	C:\WINDOWS\System32\GDI32.dll
0x00007ffa133d0000 - 0x00007ffa134e8000 	C:\WINDOWS\System32\gdi32full.dll
0x00007ffa134f0000 - 0x00007ffa1358a000 	C:\WINDOWS\System32\msvcp_win.dll
0x00007ff9fcb30000 - 0x00007ff9fcb4b000 	c:\Users\nguye\.vscode\extensions\redhat.java-1.27.0-win32-x64\jre\17.0.10-win32-x86_64\bin\VCRUNTIME140.dll
0x00007ffa15330000 - 0x00007ffa15361000 	C:\WINDOWS\System32\IMM32.DLL
0x00007ffa07150000 - 0x00007ffa0715c000 	c:\Users\nguye\.vscode\extensions\redhat.java-1.27.0-win32-x64\jre\17.0.10-win32-x86_64\bin\vcruntime140_1.dll
0x00007ff9ebd90000 - 0x00007ff9ebe1d000 	c:\Users\nguye\.vscode\extensions\redhat.java-1.27.0-win32-x64\jre\17.0.10-win32-x86_64\bin\msvcp140.dll
0x00007ff97a350000 - 0x00007ff97afb2000 	c:\Users\nguye\.vscode\extensions\redhat.java-1.27.0-win32-x64\jre\17.0.10-win32-x86_64\bin\server\jvm.dll
0x00007ffa156a0000 - 0x00007ffa15753000 	C:\WINDOWS\System32\ADVAPI32.dll
0x00007ffa155f0000 - 0x00007ffa15698000 	C:\WINDOWS\System32\sechost.dll
0x00007ffa12dc0000 - 0x00007ffa12de8000 	C:\WINDOWS\System32\bcrypt.dll
0x00007ffa13b80000 - 0x00007ffa13c97000 	C:\WINDOWS\System32\RPCRT4.dll
0x00007ffa11ae0000 - 0x00007ffa11b2d000 	C:\WINDOWS\SYSTEM32\POWRPROF.dll
0x00007ffa0a080000 - 0x00007ffa0a0b4000 	C:\WINDOWS\SYSTEM32\WINMM.dll
0x00007ffa0a6f0000 - 0x00007ffa0a6fa000 	C:\WINDOWS\SYSTEM32\VERSION.dll
0x00007ff9d7e50000 - 0x00007ff9d7e59000 	C:\WINDOWS\SYSTEM32\WSOCK32.dll
0x00007ffa13b00000 - 0x00007ffa13b71000 	C:\WINDOWS\System32\WS2_32.dll
0x00007ffa11ac0000 - 0x00007ffa11ad3000 	C:\WINDOWS\SYSTEM32\UMPDC.dll
0x00007ffa11d80000 - 0x00007ffa11d98000 	C:\WINDOWS\SYSTEM32\kernel.appcore.dll
0x00007ffa04390000 - 0x00007ffa0439a000 	c:\Users\nguye\.vscode\extensions\redhat.java-1.27.0-win32-x64\jre\17.0.10-win32-x86_64\bin\jimage.dll
0x00007ffa104f0000 - 0x00007ffa10723000 	C:\WINDOWS\SYSTEM32\DBGHELP.DLL
0x00007ffa14660000 - 0x00007ffa149e9000 	C:\WINDOWS\System32\combase.dll
0x00007ffa14b60000 - 0x00007ffa14c37000 	C:\WINDOWS\System32\OLEAUT32.dll
0x00007ff9fce50000 - 0x00007ff9fce82000 	C:\WINDOWS\SYSTEM32\dbgcore.DLL
0x00007ffa13590000 - 0x00007ffa1360a000 	C:\WINDOWS\System32\bcryptPrimitives.dll
0x00007ffa04380000 - 0x00007ffa0438e000 	c:\Users\nguye\.vscode\extensions\redhat.java-1.27.0-win32-x64\jre\17.0.10-win32-x86_64\bin\instrument.dll
0x00007ff9ee820000 - 0x00007ff9ee845000 	c:\Users\nguye\.vscode\extensions\redhat.java-1.27.0-win32-x64\jre\17.0.10-win32-x86_64\bin\java.dll
0x00007ff9f9390000 - 0x00007ff9f93a8000 	c:\Users\nguye\.vscode\extensions\redhat.java-1.27.0-win32-x64\jre\17.0.10-win32-x86_64\bin\zip.dll
0x00007ffa13cc0000 - 0x00007ffa1451a000 	C:\WINDOWS\System32\SHELL32.dll
0x00007ffa10ba0000 - 0x00007ffa11496000 	C:\WINDOWS\SYSTEM32\windows.storage.dll
0x00007ffa10a60000 - 0x00007ffa10b9e000 	C:\WINDOWS\SYSTEM32\wintypes.dll
0x00007ffa15210000 - 0x00007ffa15303000 	C:\WINDOWS\System32\SHCORE.dll
0x00007ffa136b0000 - 0x00007ffa1370e000 	C:\WINDOWS\System32\shlwapi.dll
0x00007ffa12bd0000 - 0x00007ffa12bf6000 	C:\WINDOWS\SYSTEM32\profapi.dll
0x00007ff9eb830000 - 0x00007ff9eb849000 	C:\Users\nguye\.vscode\extensions\redhat.java-1.27.0-win32-x64\jre\17.0.10-win32-x86_64\bin\net.dll
0x00007ffa0ac60000 - 0x00007ffa0ad97000 	C:\WINDOWS\SYSTEM32\WINHTTP.dll
0x00007ffa12200000 - 0x00007ffa12269000 	C:\WINDOWS\system32\mswsock.dll
0x00007ff9eb810000 - 0x00007ff9eb826000 	C:\Users\nguye\.vscode\extensions\redhat.java-1.27.0-win32-x64\jre\17.0.10-win32-x86_64\bin\nio.dll
0x00007ff9fe800000 - 0x00007ff9fe810000 	c:\Users\nguye\.vscode\extensions\redhat.java-1.27.0-win32-x64\jre\17.0.10-win32-x86_64\bin\verify.dll

dbghelp: loaded successfully - version: 4.0.5 - missing functions: none
symbol engine: initialized successfully - sym options: 0x614 - pdb path: .;c:\Users\nguye\.vscode\extensions\redhat.java-1.27.0-win32-x64\jre\17.0.10-win32-x86_64\bin;C:\WINDOWS\SYSTEM32;C:\WINDOWS\WinSxS\amd64_microsoft.windows.common-controls_6595b64144ccf1df_6.0.22621.2506_none_270c5ae97388e100;c:\Users\nguye\.vscode\extensions\redhat.java-1.27.0-win32-x64\jre\17.0.10-win32-x86_64\bin\server

VM Arguments:
jvm_args: --add-modules=ALL-SYSTEM --add-opens=java.base/java.util=ALL-UNNAMED --add-opens=java.base/java.lang=ALL-UNNAMED --add-opens=java.base/sun.nio.fs=ALL-UNNAMED -Declipse.application=org.eclipse.jdt.ls.core.id1 -Dosgi.bundles.defaultStartLevel=4 -Declipse.product=org.eclipse.jdt.ls.core.product -Djava.import.generatesMetadataFilesAtProjectRoot=false -DDetectVMInstallationsJob.disabled=true -Dfile.encoding=utf8 -XX:+UseParallelGC -XX:GCTimeRatio=4 -XX:AdaptiveSizePolicyWeight=90 -Dsun.zip.disableMemoryMapping=true -Xmx1G -Xms100m -Xlog:disable -javaagent:c:\Users\nguye\.vscode\extensions\redhat.java-1.27.0-win32-x64\lombok\lombok-1.18.31.jar 
java_command: c:\Users\nguye\.vscode\extensions\redhat.java-1.27.0-win32-x64\server\plugins\org.eclipse.equinox.launcher_1.6.700.v20231214-2017.jar -configuration c:\Users\nguye\AppData\Roaming\Code\User\globalStorage\redhat.java\1.27.0\config_ss_win -data c:\Users\nguye\AppData\Roaming\Code\User\workspaceStorage\2ff05997b9d03b89e185b8a9989087c2\redhat.java\ss_ws --stdio
java_class_path (initial): c:\Users\nguye\.vscode\extensions\redhat.java-1.27.0-win32-x64\server\plugins\org.eclipse.equinox.launcher_1.6.700.v20231214-2017.jar
Launcher Type: SUN_STANDARD

[Global flags]
    uintx AdaptiveSizePolicyWeight                 = 90                                        {product} {command line}
     intx CICompilerCount                          = 4                                         {product} {ergonomic}
    uintx GCTimeRatio                              = 4                                         {product} {command line}
   size_t InitialHeapSize                          = 104857600                                 {product} {command line}
   size_t MaxHeapSize                              = 1073741824                                {product} {command line}
   size_t MaxNewSize                               = 357564416                                 {product} {ergonomic}
   size_t MinHeapDeltaBytes                        = 524288                                    {product} {ergonomic}
   size_t MinHeapSize                              = 104857600                                 {product} {command line}
   size_t NewSize                                  = 34603008                                  {product} {ergonomic}
    uintx NonNMethodCodeHeapSize                   = 5839372                                {pd product} {ergonomic}
    uintx NonProfiledCodeHeapSize                  = 122909434                              {pd product} {ergonomic}
   size_t OldSize                                  = 70254592                                  {product} {ergonomic}
    uintx ProfiledCodeHeapSize                     = 122909434                              {pd product} {ergonomic}
    uintx ReservedCodeCacheSize                    = 251658240                              {pd product} {ergonomic}
     bool SegmentedCodeCache                       = true                                      {product} {ergonomic}
   size_t SoftMaxHeapSize                          = 1073741824                             {manageable} {ergonomic}
     bool UseCompressedClassPointers               = true                           {product lp64_product} {ergonomic}
     bool UseCompressedOops                        = true                           {product lp64_product} {ergonomic}
     bool UseLargePagesIndividualAllocation        = false                                  {pd product} {ergonomic}
     bool UseParallelGC                            = true                                      {product} {command line}

Logging:
Log output configuration:
 #0: stdout all=off uptime,level,tags
 #1: stderr all=off uptime,level,tags

Environment Variables:
JAVA_HOME=D:\Java\JDK-17
PATH=C:\Program Files\Common Files\Oracle\Java\javapath;C:\Program Files\Eclipse Adoptium\jdk-21.0.1.12-hotspot\bin;C:\Program Files\Eclipse Foundation\jdk-8.0.302.8-hotspot\bin;C:\Windows\system32;C:\Windows;C:\Windows\System32\Wbem;C:\Windows\System32\WindowsPowerShell\v1.0\;C:\Windows\System32\OpenSSH\;C:\Program Files (x86)\NVIDIA Corporation\PhysX\Common;C:\Program Files\NVIDIA Corporation\NVIDIA NvDLISR;C:\Program Files\Microsoft SQL Server\Client SDK\ODBC\170\Tools\Binn\;C:\Program Files\Microsoft SQL Server\Client SDK\ODBC\110\Tools\Binn\;C:\WINDOWS\system32;C:\WINDOWS;C:\WINDOWS\System32\Wbem;C:\WINDOWS\System32\WindowsPowerShell\v1.0\;C:\WINDOWS\System32\OpenSSH\;C:\Program Files (x86)\Microsoft SQL Server\130\DTS\Binn\;C:\Program Files\Microsoft SQL Server\Client SDK\ODBC\130\Tools\Binn\;C:\Program Files (x86)\Microsoft SQL Server\130\Tools\Binn\;C:\Program Files\Microsoft SQL Server\130\DTS\Binn\;C:\Program Files\Microsoft SQL Server\130\Tools\Binn\;C:\Program Files (x86)\Microsoft SQL Server\160\DTS\Binn\;C:\Program Files\Azure Data Studio\bin;C:\Program Files\dotnet\;D:\Java\JDK-17\bin;D:\Git\Git\cmd;C:\Program Files\nodejs\;C:\Program Files\Docker\Docker\resources\bin;C:\Program Files\MySQL\MySQL Shell 8.0\bin\;C:\Users\nguye\AppData\Local\Microsoft\WindowsApps;;C:\Program Files\Azure Data Studio\bin;C:\Users\nguye\.dotnet\tools;D:\Visual Studio Code\Microsoft VS Code\bin;C:\Program Files\JetBrains\IntelliJ IDEA Community Edition 2023.3\bin;;C:\Program Files\JetBrains\IntelliJ IDEA 2023.3\bin;;C:\Users\nguye\AppData\Roaming\npm
USERNAME=NGUYENTHAO
OS=Windows_NT
PROCESSOR_IDENTIFIER=Intel64 Family 6 Model 165 Stepping 2, GenuineIntel
TMP=C:\Users\nguye\AppData\Local\Temp
TEMP=C:\Users\nguye\AppData\Local\Temp



Periodic native trim disabled


---------------  S Y S T E M  ---------------

OS:
 Windows 11 , 64 bit Build 22621 (10.0.22621.2506)
OS uptime: 0 days 1:27 hours
Hyper-V role detected

CPU: total 12 (initial active 12) (6 cores per cpu, 2 threads per core) family 6 model 165 stepping 2 microcode 0xe0, cx8, cmov, fxsr, ht, mmx, 3dnowpref, sse, sse2, sse3, ssse3, sse4.1, sse4.2, popcnt, lzcnt, tsc, tscinvbit, avx, avx2, aes, erms, clmul, bmi1, bmi2, adx, fma, vzeroupper, clflush, clflushopt, hv
Processor Information for all 12 processors :
  Max Mhz: 2592, Current Mhz: 2592, Mhz Limit: 2592

Memory: 4k page, system-wide physical 16187M (3652M free)
TotalPageFile size 18235M (AvailPageFile size 4M)
current process WorkingSet (physical memory assigned to process): 74M, peak: 74M
current process commit charge ("private bytes"): 207M, peak: 207M

vm_info: OpenJDK 64-Bit Server VM (17.0.10+7) for windows-amd64 JRE (17.0.10+7), built on Jan 16 2024 23:25:11 by "admin" with MS VC++ 16.10 / 16.11 (VS2019)

END.
